<?xml version="1.0" encoding="UTF-8"?>
<!-- Generated by org.testng.reporters.JUnitReportReporter -->
<testsuite hostname="C100-172" failures="0" tests="1" name="TestCases.TC_e2e" time="22.539" errors="0" timestamp="2023-11-07T18:36:56 IST" skipped="0">
  <testcase classname="TestCases.TC_e2e" name="BasePageNavigation" time="22.539"/>
</testsuite> <!-- TestCases.TC_e2e -->
